{"error":{"code":"app/invalid-credential","message":"Failed to parse private key: Error: Invalid PEM formatted message."},"level":"error","message":"Failed to initialize Firebase Admin SDK. Services might be unavailable.","timestamp":"2026-07-10T14:51:21.510Z"}
{"error":{"code":"app/invalid-credential","message":"Failed to parse private key: Error: Invalid PEM formatted message."},"level":"error","message":"Failed to initialize Firebase Admin SDK. Services might be unavailable.","timestamp":"2026-07-10T15:13:11.383Z"}
{"err":{},"level":"error","message":"MQTT Connection Error: connack timeout","timestamp":"2026-07-10T15:21:18.228Z"}
{"err":{},"level":"error","message":"MQTT Connection Error: connack timeout","timestamp":"2026-07-10T15:24:47.321Z"}
{"err":{"code":"ECONNREFUSED"},"level":"error","message":"MQTT Connection Error: ","timestamp":"2026-07-10T15:37:19.784Z"}
{"err":{"code":"ECONNREFUSED"},"level":"error","message":"MQTT Connection Error: ","timestamp":"2026-07-10T15:37:20.794Z"}
{"err":{"code":"ECONNREFUSED"},"level":"error","message":"MQTT Connection Error: ","timestamp":"2026-07-10T15:37:21.810Z"}
{"err":{"code":"ECONNREFUSED"},"level":"error","message":"MQTT Connection Error: ","timestamp":"2026-07-10T15:37:22.824Z"}
{"err":{"code":"ECONNREFUSED"},"level":"error","message":"MQTT Connection Error: ","timestamp":"2026-07-10T15:37:23.839Z"}
{"err":{"code":"ECONNREFUSED"},"level":"error","message":"MQTT Connection Error: ","timestamp":"2026-07-10T15:37:24.854Z"}
{"err":{"code":"ECONNREFUSED"},"level":"error","message":"MQTT Connection Error: ","timestamp":"2026-07-10T15:37:25.863Z"}
{"err":{"code":"ECONNREFUSED"},"level":"error","message":"MQTT Connection Error: ","timestamp":"2026-07-10T15:37:26.871Z"}
{"err":{"code":"ECONNREFUSED"},"level":"error","message":"MQTT Connection Error: ","timestamp":"2026-07-10T15:37:27.883Z"}
{"err":{"code":"ECONNREFUSED"},"level":"error","message":"MQTT Connection Error: ","timestamp":"2026-07-10T15:37:28.900Z"}
{"err":{"code":"ECONNREFUSED"},"level":"error","message":"MQTT Connection Error: ","timestamp":"2026-07-10T15:37:29.920Z"}
{"err":{"code":"ECONNREFUSED"},"level":"error","message":"MQTT Connection Error: ","timestamp":"2026-07-10T15:37:30.937Z"}
{"err":{"code":"ECONNREFUSED"},"level":"error","message":"MQTT Connection Error: ","timestamp":"2026-07-10T15:37:31.952Z"}
{"err":{"code":"ECONNREFUSED"},"level":"error","message":"MQTT Connection Error: ","timestamp":"2026-07-10T15:37:32.969Z"}
{"err":{"code":"ECONNREFUSED"},"level":"error","message":"MQTT Connection Error: ","timestamp":"2026-07-10T15:37:33.986Z"}
{"err":{"code":"ECONNREFUSED"},"level":"error","message":"MQTT Connection Error: ","timestamp":"2026-07-10T15:37:34.999Z"}
{"err":{"code":"ECONNREFUSED"},"level":"error","message":"MQTT Connection Error: ","timestamp":"2026-07-10T15:37:36.016Z"}
{"err":{"code":"ECONNREFUSED"},"level":"error","message":"MQTT Connection Error: ","timestamp":"2026-07-10T15:37:37.023Z"}
{"err":{"code":"ECONNREFUSED"},"level":"error","message":"MQTT Connection Error: ","timestamp":"2026-07-10T15:37:38.038Z"}
{"err":{"code":"ECONNREFUSED"},"level":"error","message":"MQTT Connection Error: ","timestamp":"2026-07-10T15:37:39.042Z"}
{"err":{"code":"ECONNREFUSED"},"level":"error","message":"MQTT Connection Error: ","timestamp":"2026-07-10T15:37:40.056Z"}
{"err":{"code":"ECONNREFUSED"},"level":"error","message":"MQTT Connection Error: ","timestamp":"2026-07-10T15:37:41.068Z"}
{"err":{"code":"ECONNREFUSED"},"level":"error","message":"MQTT Connection Error: ","timestamp":"2026-07-10T15:37:42.073Z"}
{"err":{"code":"ECONNREFUSED"},"level":"error","message":"MQTT Connection Error: ","timestamp":"2026-07-10T15:37:43.090Z"}
{"err":{"code":"ECONNREFUSED"},"level":"error","message":"MQTT Connection Error: ","timestamp":"2026-07-10T15:37:44.103Z"}
{"err":{"code":"ECONNREFUSED"},"level":"error","message":"MQTT Connection Error: ","timestamp":"2026-07-10T15:37:45.121Z"}
{"err":{"code":"ECONNREFUSED"},"level":"error","message":"MQTT Connection Error: ","timestamp":"2026-07-10T15:37:46.129Z"}
{"err":{"code":"ECONNREFUSED"},"level":"error","message":"MQTT Connection Error: ","timestamp":"2026-07-10T15:37:47.146Z"}
{"err":{"code":"ECONNREFUSED"},"level":"error","message":"MQTT Connection Error: ","timestamp":"2026-07-10T15:37:48.163Z"}
{"err":{"code":"ECONNREFUSED"},"level":"error","message":"MQTT Connection Error: ","timestamp":"2026-07-10T15:37:49.176Z"}
{"err":{"code":"ECONNREFUSED"},"level":"error","message":"MQTT Connection Error: ","timestamp":"2026-07-10T15:37:50.190Z"}
{"err":{"code":"ECONNREFUSED"},"level":"error","message":"MQTT Connection Error: ","timestamp":"2026-07-10T15:37:51.203Z"}
{"err":{"code":"ECONNREFUSED"},"level":"error","message":"MQTT Connection Error: ","timestamp":"2026-07-10T15:37:52.216Z"}
{"err":{"code":"ECONNREFUSED"},"level":"error","message":"MQTT Connection Error: ","timestamp":"2026-07-10T15:37:53.236Z"}
{"err":{"code":"ECONNREFUSED"},"level":"error","message":"MQTT Connection Error: ","timestamp":"2026-07-10T15:37:54.253Z"}
{"err":{"code":"ECONNREFUSED"},"level":"error","message":"MQTT Connection Error: ","timestamp":"2026-07-10T15:37:55.272Z"}
{"err":{"code":"ECONNREFUSED"},"level":"error","message":"MQTT Connection Error: ","timestamp":"2026-07-10T15:37:56.287Z"}
{"err":{"code":"ECONNREFUSED"},"level":"error","message":"MQTT Connection Error: ","timestamp":"2026-07-10T15:37:57.305Z"}
{"err":{"code":"ECONNREFUSED"},"level":"error","message":"MQTT Connection Error: ","timestamp":"2026-07-10T15:37:58.317Z"}
{"err":{"code":"ECONNREFUSED"},"level":"error","message":"MQTT Connection Error: ","timestamp":"2026-07-10T15:37:59.328Z"}
{"err":{"code":"ECONNREFUSED"},"level":"error","message":"MQTT Connection Error: ","timestamp":"2026-07-10T15:38:00.410Z"}
{"err":{"code":"ECONNREFUSED"},"level":"error","message":"MQTT Connection Error: ","timestamp":"2026-07-10T15:38:01.466Z"}
{"err":{"code":"ECONNREFUSED"},"level":"error","message":"MQTT Connection Error: ","timestamp":"2026-07-10T15:38:02.487Z"}
{"err":{"code":"ECONNREFUSED"},"level":"error","message":"MQTT Connection Error: ","timestamp":"2026-07-10T15:38:03.501Z"}
{"err":{"code":"ECONNREFUSED"},"level":"error","message":"MQTT Connection Error: ","timestamp":"2026-07-10T15:38:04.521Z"}
{"err":{"code":"ECONNREFUSED"},"level":"error","message":"MQTT Connection Error: ","timestamp":"2026-07-10T15:38:05.525Z"}
{"err":{"code":"ECONNREFUSED"},"level":"error","message":"MQTT Connection Error: ","timestamp":"2026-07-10T15:38:06.537Z"}
{"err":{"code":"ECONNREFUSED"},"level":"error","message":"MQTT Connection Error: ","timestamp":"2026-07-10T15:38:07.544Z"}
{"err":{"code":"ECONNREFUSED"},"level":"error","message":"MQTT Connection Error: ","timestamp":"2026-07-10T15:38:08.550Z"}
{"err":{"code":"ECONNREFUSED"},"level":"error","message":"MQTT Connection Error: ","timestamp":"2026-07-10T15:38:09.569Z"}
{"err":{"code":"ECONNREFUSED"},"level":"error","message":"MQTT Connection Error: ","timestamp":"2026-07-10T15:38:10.587Z"}
{"err":{"code":"ECONNREFUSED"},"level":"error","message":"MQTT Connection Error: ","timestamp":"2026-07-10T15:38:11.592Z"}
{"err":{"code":"ECONNREFUSED"},"level":"error","message":"MQTT Connection Error: ","timestamp":"2026-07-10T15:38:12.611Z"}
{"err":{"code":"ECONNREFUSED"},"level":"error","message":"MQTT Connection Error: ","timestamp":"2026-07-10T15:38:13.626Z"}
{"err":{"code":"ECONNREFUSED"},"level":"error","message":"MQTT Connection Error: ","timestamp":"2026-07-10T15:38:14.638Z"}
{"err":{"code":"ECONNREFUSED"},"level":"error","message":"MQTT Connection Error: ","timestamp":"2026-07-10T15:38:15.649Z"}
{"err":{"code":"ECONNREFUSED"},"level":"error","message":"MQTT Connection Error: ","timestamp":"2026-07-10T15:38:16.670Z"}
{"err":{"code":"ECONNREFUSED"},"level":"error","message":"MQTT Connection Error: ","timestamp":"2026-07-10T15:38:17.727Z"}
{"error":"Expected property name or '}' in JSON at position 1 (line 1 column 2)","level":"error","message":"[MQTT Telemetry] Failed to parse or validate telemetry payload","payload":"{temperature:42,voltage:18.5}","timestamp":"2026-07-10T15:58:02.692Z"}
{"error":"[\n  {\n    \"code\": \"invalid_type\",\n    \"expected\": \"number\",\n    \"received\": \"undefined\",\n    \"path\": [\n      \"dust\"\n    ],\n    \"message\": \"dust is required\"\n  },\n  {\n    \"code\": \"invalid_type\",\n    \"expected\": \"boolean\",\n    \"received\": \"undefined\",\n    \"path\": [\n      \"pumpStatus\"\n    ],\n    \"message\": \"pumpStatus is required\"\n  },\n  {\n    \"code\": \"invalid_type\",\n    \"expected\": \"boolean\",\n    \"received\": \"undefined\",\n    \"path\": [\n      \"wiperStatus\"\n    ],\n    \"message\": \"wiperStatus is required\"\n  },\n  {\n    \"expected\": \"'AUTO' | 'MANUAL'\",\n    \"received\": \"undefined\",\n    \"code\": \"invalid_type\",\n    \"path\": [\n      \"mode\"\n    ],\n    \"message\": \"mode is required\"\n  },\n  {\n    \"code\": \"invalid_type\",\n    \"expected\": \"string\",\n    \"received\": \"undefined\",\n    \"path\": [\n      \"timestamp\"\n    ],\n    \"message\": \"Required\"\n  }\n]","level":"error","message":"[MQTT Telemetry] Failed to parse or validate telemetry payload","payload":"{\r\n  \"deviceId\": \"panel001\",\r\n  \"temperature\": 42,\r\n  \"voltage\": 18.5,\r\n  \"current\": 2.3,\r\n  \"power\": 42.55\r\n}","timestamp":"2026-07-10T16:00:34.092Z"}
{"error":"[\n  {\n    \"code\": \"invalid_type\",\n    \"expected\": \"number\",\n    \"received\": \"undefined\",\n    \"path\": [\n      \"dust\"\n    ],\n    \"message\": \"dust is required\"\n  },\n  {\n    \"code\": \"invalid_type\",\n    \"expected\": \"boolean\",\n    \"received\": \"undefined\",\n    \"path\": [\n      \"pumpStatus\"\n    ],\n    \"message\": \"pumpStatus is required\"\n  },\n  {\n    \"code\": \"invalid_type\",\n    \"expected\": \"boolean\",\n    \"received\": \"undefined\",\n    \"path\": [\n      \"wiperStatus\"\n    ],\n    \"message\": \"wiperStatus is required\"\n  },\n  {\n    \"expected\": \"'AUTO' | 'MANUAL'\",\n    \"received\": \"undefined\",\n    \"code\": \"invalid_type\",\n    \"path\": [\n      \"mode\"\n    ],\n    \"message\": \"mode is required\"\n  },\n  {\n    \"code\": \"invalid_type\",\n    \"expected\": \"string\",\n    \"received\": \"undefined\",\n    \"path\": [\n      \"timestamp\"\n    ],\n    \"message\": \"Required\"\n  }\n]","level":"error","message":"[MQTT Telemetry] Failed to parse or validate telemetry payload","payload":"{\r\n  \"deviceId\": \"panel001\",\r\n  \"temperature\": 42,\r\n  \"voltage\": 18.5,\r\n  \"current\": 2.3,\r\n  \"power\": 42.55\r\n}","timestamp":"2026-07-10T16:00:36.263Z"}
{"err":{},"level":"error","message":"MQTT Connection Error: connack timeout","timestamp":"2026-07-12T11:54:08.896Z"}
{"level":"error","message":"Force shutdown initiated due to timeout.","timestamp":"2026-07-14T03:43:17.214Z"}
{"level":"error","message":"Force shutdown initiated due to timeout.","timestamp":"2026-07-14T04:24:02.970Z"}
